<?xml version="1.0" encoding="UTF-8"?>
<!-- Generated by org.testng.reporters.JUnitReportReporter -->
<testsuite hostname="Dell" failures="0" tests="4" name="TestNGMethods.FacebookTesting" time="19.975" errors="0" timestamp="2023-06-21T21:46:51 IST" skipped="0">
  <testcase classname="TestNGMethods.FacebookTesting" name="aloginPage" time="12.120"/>
  <testcase classname="TestNGMethods.FacebookTesting" name="loinPageWithInvalidInputs" time="3.096"/>
  <testcase classname="TestNGMethods.FacebookTesting" name="loinPageWithInvalidInputs" time="2.389"/>
  <testcase classname="TestNGMethods.FacebookTesting" name="loinPageWithInvalidInputs" time="2.370"/>
</testsuite> <!-- TestNGMethods.FacebookTesting -->
