<?xml version="1.0" encoding="UTF-8"?>
<!-- Generated by org.testng.reporters.JUnitReportReporter -->
<testsuite hostname="Dell" failures="0" tests="3" name="TestNGMethods.FacebookTesting1" time="28.600" errors="0" timestamp="2023-06-22T08:35:00 IST" skipped="0">
  <testcase classname="TestNGMethods.FacebookTesting1" name="loinPageWithInvalidInputs" time="2.090"/>
  <testcase classname="TestNGMethods.FacebookTesting1" name="loginPageTest2" time="14.066"/>
  <testcase classname="TestNGMethods.FacebookTesting1" name="aloginPage" time="12.444"/>
</testsuite> <!-- TestNGMethods.FacebookTesting1 -->
