<?xml version="1.0" encoding="UTF-8"?>
<!-- Generated by org.testng.reporters.JUnitReportReporter -->
<testsuite hostname="Dell" failures="0" tests="2" name="com.web.angularpractise.TestNG" time="7.287" errors="0" timestamp="2023-06-14T01:21:47 IST" skipped="0">
  <testcase classname="com.web.angularpractise.TestNG" name="registrationPage" time="4.726"/>
  <testcase classname="com.web.angularpractise.TestNG" name="registrationPageWithInvalidInputs" time="2.561"/>
</testsuite> <!-- com.web.angularpractise.TestNG -->
