<?xml version="1.0" encoding="UTF-8"?>
<!-- Generated by org.testng.reporters.JUnitReportReporter -->
<testsuite hostname="Dell" failures="0" tests="2" name="TestNGMethods.FacebookTestingUsingDataProvider" time="15.051" errors="0" timestamp="2023-06-27T08:40:35 IST" skipped="0">
  <testcase classname="TestNGMethods.FacebookTestingUsingDataProvider" name="aloginPage" time="12.977"/>
  <testcase classname="TestNGMethods.FacebookTestingUsingDataProvider" name="loinPageWithInvalidInputs" time="2.074"/>
</testsuite> <!-- TestNGMethods.FacebookTestingUsingDataProvider -->
