<?xml version="1.0" encoding="UTF-8"?>
<!-- Generated by org.testng.reporters.JUnitReportReporter -->
<testsuite hostname="Dell" failures="0" tests="4" name="TestNGMethods.TestNG1" time="0.006" errors="0" timestamp="2023-06-15T22:00:45 IST" skipped="1">
  <testcase classname="TestNGMethods.TestNG1" name="method12" time="0.000">
    <skipped/>
  </testcase> <!-- method12 -->
  <testcase classname="TestNGMethods.TestNG1" name="method10" time="0.002"/>
  <testcase classname="TestNGMethods.TestNG1" name="method11" time="0.002"/>
  <testcase classname="TestNGMethods.TestNG1" name="method9" time="0.002"/>
</testsuite> <!-- TestNGMethods.TestNG1 -->
